<?xml version="1.0" encoding="UTF-8"?>
<!-- Generated by org.testng.reporters.JUnitXMLReporter -->
<testsuite ignored="1" hostname="SaiBhaskar-PC" failures="1" tests="3" name="chrome" time="33.155" errors="0" timestamp="25 Jan 2021 15:06:03 GMT">
  <testcase classname="in.automationtesting.practice.testCases.MyAccountLogin_TC007" name="setURL" time="7.346"/>
  <testcase classname="in.automationtesting.practice.testCases.MyAccountLogin_TC007" name="clickOnMyAccMenu" time="12.268"/>
  <testcase classname="in.automationtesting.practice.testCases.MyAccountLogin_TC007" name="Login" time="7.56">
    <failure type="java.lang.AssertionError" message="expected [true] but found [false]">
      <![CDATA[java.lang.AssertionError: expected [true] but found [false]
at in.automationtesting.practice.testCases.MyAccountLogin_TC007.Login(MyAccountLogin_TC007.java:73)
at java.base/java.util.concurrent.FutureTask.run(FutureTask.java:264)
at java.base/java.util.concurrent.ThreadPoolExecutor.runWorker(ThreadPoolExecutor.java:1130)
at java.base/java.util.concurrent.ThreadPoolExecutor$Worker.run(ThreadPoolExecutor.java:630)
at java.base/java.lang.Thread.run(Thread.java:832)
... Removed 20 stack frames]]>
    </failure>
  </testcase> <!-- Login -->
  <testcase classname="in.automationtesting.practice.testCases.MyAccountLogin_TC007" name="registeration" time="0.0">
    <ignored/>
  </testcase> <!-- registeration -->
</testsuite> <!-- chrome -->
